<?xml version="1.0" encoding="UTF-8"?>
<!-- Generated by org.testng.reporters.JUnitXMLReporter -->
<testsuite hostname="DESKTOP-MQ2EDC3" failures="0" tests="3" name="Test" time="12.188" errors="0" timestamp="22 Nov 2021 00:50:55 GMT">
  <testcase classname="com.soaupui.test.restRunner" name="SoapTest" time="8.991"/>
  <testcase classname="com.soaupui.test.OnlyOneTestCaseRun" name="runningAddTestCase" time="0.079"/>
  <testcase classname="com.soaupui.test.MultipleTestCasesRunRest" name="multipleRestTestCases" time="3.081"/>
</testsuite> <!-- Test -->
