<?xml version="1.0" encoding="UTF-8"?>
<testng-results total="3" passed="3" failed="0" skipped="0">
  <reporter-output>
  </reporter-output>
  <suite started-at="2021-11-22T00:50:43Z" name="Suite" finished-at="2021-11-22T00:50:55Z" duration-ms="12188">
    <groups>
    </groups>
    <test started-at="2021-11-22T00:50:43Z" name="Test" finished-at="2021-11-22T00:50:55Z" duration-ms="12188">
      <class name="com.soaupui.test.MultipleTestCasesRunRest">
        <test-method signature="multipleRestTestCases()[pri:0, instance:com.soaupui.test.MultipleTestCasesRunRest@1cf6d1be]" started-at="2021-11-21T18:50:52Z" name="multipleRestTestCases" finished-at="2021-11-21T18:50:55Z" duration-ms="3081" status="PASS">
          <reporter-output>
          </reporter-output>
        </test-method> <!-- multipleRestTestCases -->
      </class> <!-- com.soaupui.test.MultipleTestCasesRunRest -->
      <class name="com.soaupui.test.OnlyOneTestCaseRun">
        <test-method signature="runningAddTestCase()[pri:0, instance:com.soaupui.test.OnlyOneTestCaseRun@74e28667]" started-at="2021-11-21T18:50:52Z" name="runningAddTestCase" finished-at="2021-11-21T18:50:52Z" duration-ms="79" status="PASS">
          <reporter-output>
          </reporter-output>
        </test-method> <!-- runningAddTestCase -->
      </class> <!-- com.soaupui.test.OnlyOneTestCaseRun -->
      <class name="com.soaupui.test.restRunner">
        <test-method signature="SoapTest()[pri:0, instance:com.soaupui.test.restRunner@2034b64c]" started-at="2021-11-21T18:50:43Z" name="SoapTest" finished-at="2021-11-21T18:50:52Z" duration-ms="8991" status="PASS">
          <reporter-output>
          </reporter-output>
        </test-method> <!-- SoapTest -->
      </class> <!-- com.soaupui.test.restRunner -->
    </test> <!-- Test -->
  </suite> <!-- Suite -->
</testng-results>
